Determining if the pthread_create exist failed with the following output:
Change Dir: /home/nvidia/catkin_ws/src/ce30_driver_ros-master/CMakeFiles/CMakeTmp

Run Build Command:"/usr/bin/make" "cmTC_722bf/fast"
/usr/bin/make -f CMakeFiles/cmTC_722bf.dir/build.make CMakeFiles/cmTC_722bf.dir/build
make[1]: Entering directory '/home/nvidia/catkin_ws/src/ce30_driver_ros-master/CMakeFiles/CMakeTmp'
Building C object CMakeFiles/cmTC_722bf.dir/CheckSymbolExists.c.o
/usr/bin/cc     -o CMakeFiles/cmTC_722bf.dir/CheckSymbolExists.c.o   -c /home/nvidia/catkin_ws/src/ce30_driver_ros-master/CMakeFiles/CMakeTmp/CheckSymbolExists.c
Linking C executable cmTC_722bf
/usr/bin/cmake -E cmake_link_script CMakeFiles/cmTC_722bf.dir/link.txt --verbose=1
/usr/bin/cc       CMakeFiles/cmTC_722bf.dir/CheckSymbolExists.c.o  -o cmTC_722bf -rdynamic 
CMakeFiles/cmTC_722bf.dir/CheckSymbolExists.c.o: In function `main':
CheckSymbolExists.c:(.text+0x14): undefined reference to `pthread_create'
CheckSymbolExists.c:(.text+0x18): undefined reference to `pthread_create'
collect2: error: ld returned 1 exit status
CMakeFiles/cmTC_722bf.dir/build.make:97: recipe for target 'cmTC_722bf' failed
make[1]: *** [cmTC_722bf] Error 1
make[1]: Leaving directory '/home/nvidia/catkin_ws/src/ce30_driver_ros-master/CMakeFiles/CMakeTmp'
Makefile:126: recipe for target 'cmTC_722bf/fast' failed
make: *** [cmTC_722bf/fast] Error 2

File /home/nvidia/catkin_ws/src/ce30_driver_ros-master/CMakeFiles/CMakeTmp/CheckSymbolExists.c:
/* */
#include <pthread.h>

int main(int argc, char** argv)
{
  (void)argv;
#ifndef pthread_create
  return ((int*)(&pthread_create))[argc];
#else
  (void)argc;
  return 0;
#endif
}

Determining if the function pthread_create exists in the pthreads failed with the following output:
Change Dir: /home/nvidia/catkin_ws/src/ce30_driver_ros-master/CMakeFiles/CMakeTmp

Run Build Command:"/usr/bin/make" "cmTC_1a4e1/fast"
/usr/bin/make -f CMakeFiles/cmTC_1a4e1.dir/build.make CMakeFiles/cmTC_1a4e1.dir/build
make[1]: Entering directory '/home/nvidia/catkin_ws/src/ce30_driver_ros-master/CMakeFiles/CMakeTmp'
Building C object CMakeFiles/cmTC_1a4e1.dir/CheckFunctionExists.c.o
/usr/bin/cc    -DCHECK_FUNCTION_EXISTS=pthread_create   -o CMakeFiles/cmTC_1a4e1.dir/CheckFunctionExists.c.o   -c /usr/share/cmake-3.5/Modules/CheckFunctionExists.c
Linking C executable cmTC_1a4e1
/usr/bin/cmake -E cmake_link_script CMakeFiles/cmTC_1a4e1.dir/link.txt --verbose=1
/usr/bin/cc   -DCHECK_FUNCTION_EXISTS=pthread_create    CMakeFiles/cmTC_1a4e1.dir/CheckFunctionExists.c.o  -o cmTC_1a4e1 -rdynamic -lpthreads 
/usr/bin/ld: cannot find -lpthreads
collect2: error: ld returned 1 exit status
CMakeFiles/cmTC_1a4e1.dir/build.make:97: recipe for target 'cmTC_1a4e1' failed
make[1]: *** [cmTC_1a4e1] Error 1
make[1]: Leaving directory '/home/nvidia/catkin_ws/src/ce30_driver_ros-master/CMakeFiles/CMakeTmp'
Makefile:126: recipe for target 'cmTC_1a4e1/fast' failed
make: *** [cmTC_1a4e1/fast] Error 2


